
INFO 2023-07-07 11:58:16,687 Watching for file changes with StatReloader
INFO 2023-07-07 17:37:45,000 Watching for file changes with StatReloader
INFO 2023-07-07 17:38:10,437 "GET /swagger HTTP/1.1" 301 0
INFO 2023-07-07 17:38:10,552 "GET /swagger/ HTTP/1.1" 200 2155
INFO 2023-07-07 17:38:10,903 "GET /static/drf-yasg/insQ.min.js HTTP/1.1" 200 2093
INFO 2023-07-07 17:38:10,923 "GET /static/drf-yasg/swagger-ui-init.js HTTP/1.1" 200 14964
INFO 2023-07-07 17:38:10,995 "GET /static/drf-yasg/swagger-ui-dist/swagger-ui-bundle.js HTTP/1.1" 200 1086481
INFO 2023-07-07 17:38:11,012 "GET /static/drf-yasg/swagger-ui-dist/swagger-ui-standalone-preset.js HTTP/1.1" 200 324275
INFO 2023-07-07 17:38:11,048 "GET /static/drf-yasg/style.css HTTP/1.1" 200 1047
INFO 2023-07-07 17:38:11,054 "GET /static/drf-yasg/swagger-ui-dist/swagger-ui.css HTTP/1.1" 200 143858
INFO 2023-07-07 17:38:11,072 "GET /static/drf-yasg/immutable.min.js HTTP/1.1" 200 56904
INFO 2023-07-07 17:38:11,213 "GET /swagger/?format=openapi HTTP/1.1" 200 2450
ERROR 2023-07-07 17:39:02,273 hall ticket already exists
WARNING 2023-07-07 17:39:02,274 Bad Request: /reg
WARNING 2023-07-07 17:39:02,275 "POST /reg HTTP/1.1" 400 47
ERROR 2023-07-07 17:39:16,549 hall ticket already exists
WARNING 2023-07-07 17:39:16,550 Bad Request: /reg
WARNING 2023-07-07 17:39:16,552 "POST /reg HTTP/1.1" 400 117
INFO 2023-07-07 17:39:50,944 D:\Geeky shows JWT Authentication\student_results\app\serializers.py changed, reloading.
INFO 2023-07-07 17:39:52,885 Watching for file changes with StatReloader
INFO 2023-07-07 17:39:55,960 D:\Geeky shows JWT Authentication\student_results\app\serializers.py changed, reloading.
INFO 2023-07-07 17:39:57,378 Watching for file changes with StatReloader
INFO 2023-07-07 17:39:59,620 D:\Geeky shows JWT Authentication\student_results\app\serializers.py changed, reloading.
INFO 2023-07-07 17:40:01,037 Watching for file changes with StatReloader
INFO 2023-07-07 17:40:04,125 D:\Geeky shows JWT Authentication\student_results\app\serializers.py changed, reloading.
INFO 2023-07-07 17:40:05,621 Watching for file changes with StatReloader
INFO 2023-07-07 17:40:07,606 D:\Geeky shows JWT Authentication\student_results\app\serializers.py changed, reloading.
INFO 2023-07-07 17:40:09,050 Watching for file changes with StatReloader
INFO 2023-07-07 17:40:34,257 D:\Geeky shows JWT Authentication\student_results\app\serializers.py changed, reloading.
INFO 2023-07-07 17:40:35,650 Watching for file changes with StatReloader
INFO 2023-07-07 17:42:49,788 D:\Geeky shows JWT Authentication\student_results\app\serializers.py changed, reloading.
INFO 2023-07-07 17:42:51,345 Watching for file changes with StatReloader
ERROR 2023-07-07 17:43:00,059 hall ticket already exists
WARNING 2023-07-07 17:43:00,060 Bad Request: /reg
WARNING 2023-07-07 17:43:00,061 "POST /reg HTTP/1.1" 400 117
INFO 2023-07-07 17:43:04,452 "GET /swagger/ HTTP/1.1" 200 2155
INFO 2023-07-07 17:43:04,643 "GET /swagger/?format=openapi HTTP/1.1" 200 2450
INFO 2023-07-07 17:43:04,834 "GET /static/drf-yasg/swagger-ui-dist/favicon-32x32.png HTTP/1.1" 200 628
ERROR 2023-07-07 17:43:22,531 hall ticket already exists
WARNING 2023-07-07 17:43:22,532 Bad Request: /reg
WARNING 2023-07-07 17:43:22,533 "POST /reg HTTP/1.1" 400 49
ERROR 2023-07-07 17:43:34,390 hall ticket already exists
WARNING 2023-07-07 17:43:34,391 Bad Request: /reg
WARNING 2023-07-07 17:43:34,392 "POST /reg HTTP/1.1" 400 47
INFO 2023-07-07 17:44:48,289 D:\Geeky shows JWT Authentication\student_results\app\serializers.py changed, reloading.
INFO 2023-07-07 17:44:50,469 Watching for file changes with StatReloader
INFO 2023-07-07 17:45:25,373 D:\Geeky shows JWT Authentication\student_results\app\serializers.py changed, reloading.
INFO 2023-07-07 17:45:27,020 Watching for file changes with StatReloader
WARNING 2023-07-07 17:45:32,823 An exception occurred
ERROR 2023-07-07 17:45:32,825 Internal Server Error: /reg
ERROR 2023-07-07 17:45:32,826 "POST /reg HTTP/1.1" 500 36
INFO 2023-07-07 17:45:40,559 "GET /swagger/ HTTP/1.1" 200 2155
INFO 2023-07-07 17:45:40,687 "GET /swagger/?format=openapi HTTP/1.1" 200 2450
WARNING 2023-07-07 17:46:00,729 An exception occurred
ERROR 2023-07-07 17:46:00,730 Internal Server Error: /reg
ERROR 2023-07-07 17:46:00,731 "POST /reg HTTP/1.1" 500 36
INFO 2023-07-07 17:48:15,088 D:\Geeky shows JWT Authentication\student_results\app\serializers.py changed, reloading.
INFO 2023-07-07 17:48:16,934 Watching for file changes with StatReloader
INFO 2023-07-07 17:48:21,671 D:\Geeky shows JWT Authentication\student_results\app\serializers.py changed, reloading.
INFO 2023-07-07 17:48:23,474 Watching for file changes with StatReloader
INFO 2023-07-07 17:48:43,562 D:\Geeky shows JWT Authentication\student_results\app\serializers.py changed, reloading.
INFO 2023-07-07 17:48:45,604 Watching for file changes with StatReloader
INFO 2023-07-07 17:49:03,875 D:\Geeky shows JWT Authentication\student_results\app\serializers.py changed, reloading.
INFO 2023-07-07 17:49:06,015 Watching for file changes with StatReloader
INFO 2023-07-07 17:49:10,537 "GET /swagger/ HTTP/1.1" 200 2155
INFO 2023-07-07 17:49:10,649 "GET /swagger/?format=openapi HTTP/1.1" 200 2450
WARNING 2023-07-07 17:49:24,442 An exception occurred
ERROR 2023-07-07 17:49:24,443 Internal Server Error: /reg
ERROR 2023-07-07 17:49:24,443 "POST /reg HTTP/1.1" 500 36
INFO 2023-07-07 17:49:39,438 D:\Geeky shows JWT Authentication\student_results\app\serializers.py changed, reloading.
INFO 2023-07-07 17:49:41,557 Watching for file changes with StatReloader
INFO 2023-07-07 17:49:44,999 D:\Geeky shows JWT Authentication\student_results\app\serializers.py changed, reloading.
INFO 2023-07-07 17:49:47,317 Watching for file changes with StatReloader
ERROR 2023-07-07 17:49:55,108 hall ticket already exists
WARNING 2023-07-07 17:49:55,110 Bad Request: /reg
WARNING 2023-07-07 17:49:55,111 "POST /reg HTTP/1.1" 400 49
INFO 2023-07-07 17:50:24,542 D:\Geeky shows JWT Authentication\student_results\app\models.py changed, reloading.
INFO 2023-07-07 17:50:26,800 Watching for file changes with StatReloader
INFO 2023-07-07 17:50:28,901 D:\Geeky shows JWT Authentication\student_results\app\models.py changed, reloading.
INFO 2023-07-07 17:50:31,045 Watching for file changes with StatReloader
INFO 2023-07-07 17:50:33,671 D:\Geeky shows JWT Authentication\student_results\app\models.py changed, reloading.
INFO 2023-07-07 17:50:35,593 Watching for file changes with StatReloader
INFO 2023-07-07 17:51:17,189 Watching for file changes with StatReloader
